{"/Users/anastasiyamarshyna/Documents/EPAM/React Course/ReactJS/src/components/logo/logo.tsx": {"path":"/Users/anastasiyamarshyna/Documents/EPAM/React Course/ReactJS/src/components/logo/logo.tsx","statementMap":{"0":{"start":{"line":8,"column":22},"end":{"line":10,"column":1}},"1":{"start":{"line":9,"column":2},"end":{"line":9,"column":44}},"2":{"start":{"line":12,"column":13},"end":{"line":15,"column":1}}},"fnMap":{"0":{"name":"(anonymous_0)","decl":{"start":{"line":8,"column":22},"end":{"line":8,"column":23}},"loc":{"start":{"line":9,"column":2},"end":{"line":9,"column":44}},"line":9}},"branchMap":{},"s":{"0":1,"1":1,"2":1},"f":{"0":1},"b":{},"_coverageSchema":"1a1c01bbd47fc00a2c39e90264f33305004495a9","hash":"4685b7e6090f14f65e011d419602f70b440d8684"}
,"/Users/anastasiyamarshyna/Documents/EPAM/React Course/ReactJS/src/components/modal/modal-add-edit-content.tsx": {"path":"/Users/anastasiyamarshyna/Documents/EPAM/React Course/ReactJS/src/components/modal/modal-add-edit-content.tsx","statementMap":{"0":{"start":{"line":13,"column":25},"end":{"line":22,"column":2}},"1":{"start":{"line":24,"column":24},"end":{"line":31,"column":1}},"2":{"start":{"line":40,"column":28},"end":{"line":173,"column":1}},"3":{"start":{"line":46,"column":18},"end":{"line":46,"column":29}},"4":{"start":{"line":48,"column":2},"end":{"line":172,"column":4}},"5":{"start":{"line":53,"column":8},"end":{"line":57,"column":10}},"6":{"start":{"line":126,"column":14},"end":{"line":128,"column":25}}},"fnMap":{"0":{"name":"(anonymous_0)","decl":{"start":{"line":40,"column":28},"end":{"line":40,"column":29}},"loc":{"start":{"line":45,"column":13},"end":{"line":173,"column":1}},"line":45},"1":{"name":"(anonymous_1)","decl":{"start":{"line":52,"column":16},"end":{"line":52,"column":17}},"loc":{"start":{"line":53,"column":8},"end":{"line":57,"column":10}},"line":53},"2":{"name":"(anonymous_2)","decl":{"start":{"line":125,"column":32},"end":{"line":125,"column":33}},"loc":{"start":{"line":126,"column":14},"end":{"line":128,"column":25}},"line":126}},"branchMap":{"0":{"loc":{"start":{"line":50,"column":21},"end":{"line":50,"column":62}},"type":"cond-expr","locations":[{"start":{"line":50,"column":36},"end":{"line":50,"column":44}},{"start":{"line":50,"column":47},"end":{"line":50,"column":62}}],"line":50}},"s":{"0":1,"1":1,"2":1,"3":0,"4":0,"5":0,"6":0},"f":{"0":0,"1":0,"2":0},"b":{"0":[0,0]},"_coverageSchema":"1a1c01bbd47fc00a2c39e90264f33305004495a9","hash":"2bf3e838b646f3ea82e2a05afed9e1060a1cbe29"}
,"/Users/anastasiyamarshyna/Documents/EPAM/React Course/ReactJS/src/components/modal/modal-confirm-btn.tsx": {"path":"/Users/anastasiyamarshyna/Documents/EPAM/React Course/ReactJS/src/components/modal/modal-confirm-btn.tsx","statementMap":{"0":{"start":{"line":3,"column":25},"end":{"line":8,"column":3}},"1":{"start":{"line":3,"column":48},"end":{"line":8,"column":1}}},"fnMap":{"0":{"name":"(anonymous_0)","decl":{"start":{"line":3,"column":36},"end":{"line":3,"column":37}},"loc":{"start":{"line":3,"column":48},"end":{"line":8,"column":1}},"line":3}},"branchMap":{},"s":{"0":1,"1":0},"f":{"0":0},"b":{},"_coverageSchema":"1a1c01bbd47fc00a2c39e90264f33305004495a9","hash":"2fbb620753a427abafca48c871f2af870c90f972"}
,"/Users/anastasiyamarshyna/Documents/EPAM/React Course/ReactJS/src/components/modal/modal-delete-content.tsx": {"path":"/Users/anastasiyamarshyna/Documents/EPAM/React Course/ReactJS/src/components/modal/modal-delete-content.tsx","statementMap":{"0":{"start":{"line":12,"column":27},"end":{"line":29,"column":1}},"1":{"start":{"line":13,"column":18},"end":{"line":13,"column":29}},"2":{"start":{"line":14,"column":2},"end":{"line":28,"column":4}}},"fnMap":{"0":{"name":"(anonymous_0)","decl":{"start":{"line":12,"column":27},"end":{"line":12,"column":28}},"loc":{"start":{"line":12,"column":68},"end":{"line":29,"column":1}},"line":12}},"branchMap":{},"s":{"0":1,"1":0,"2":0},"f":{"0":0},"b":{},"_coverageSchema":"1a1c01bbd47fc00a2c39e90264f33305004495a9","hash":"4310db5c2f4b2cb8ff3e2e3cc46ecac7bcd2ea29"}
,"/Users/anastasiyamarshyna/Documents/EPAM/React Course/ReactJS/src/components/modal/modal-delete-description.tsx": {"path":"/Users/anastasiyamarshyna/Documents/EPAM/React Course/ReactJS/src/components/modal/modal-delete-description.tsx","statementMap":{"0":{"start":{"line":3,"column":38},"end":{"line":7,"column":1}}},"fnMap":{},"branchMap":{},"s":{"0":1},"f":{},"b":{},"_coverageSchema":"1a1c01bbd47fc00a2c39e90264f33305004495a9","hash":"1bc8d7fb36067cef17daf59e34def4f12b44c2be"}
,"/Users/anastasiyamarshyna/Documents/EPAM/React Course/ReactJS/src/components/modal/modal-genres.tsx": {"path":"/Users/anastasiyamarshyna/Documents/EPAM/React Course/ReactJS/src/components/modal/modal-genres.tsx","statementMap":{"0":{"start":{"line":3,"column":27},"end":{"line":5,"column":1}}},"fnMap":{},"branchMap":{},"s":{"0":1},"f":{},"b":{},"_coverageSchema":"1a1c01bbd47fc00a2c39e90264f33305004495a9","hash":"80ba1a0fc1f5f0c40a47fc60428a9820c73701c9"}
,"/Users/anastasiyamarshyna/Documents/EPAM/React Course/ReactJS/src/components/modal/modal-label.tsx": {"path":"/Users/anastasiyamarshyna/Documents/EPAM/React Course/ReactJS/src/components/modal/modal-label.tsx","statementMap":{"0":{"start":{"line":4,"column":28},"end":{"line":6,"column":1}},"1":{"start":{"line":5,"column":2},"end":{"line":5,"column":44}},"2":{"start":{"line":8,"column":26},"end":{"line":16,"column":1}}},"fnMap":{"0":{"name":"(anonymous_0)","decl":{"start":{"line":4,"column":28},"end":{"line":4,"column":29}},"loc":{"start":{"line":5,"column":2},"end":{"line":5,"column":44}},"line":5}},"branchMap":{},"s":{"0":1,"1":0,"2":1},"f":{"0":0},"b":{},"_coverageSchema":"1a1c01bbd47fc00a2c39e90264f33305004495a9","hash":"7fe3f6d10737cb7c8979ddc3c2ab54efc26699c5"}
,"/Users/anastasiyamarshyna/Documents/EPAM/React Course/ReactJS/src/components/modal/modal-styles.tsx": {"path":"/Users/anastasiyamarshyna/Documents/EPAM/React Course/ReactJS/src/components/modal/modal-styles.tsx","statementMap":{"0":{"start":{"line":3,"column":25},"end":{"line":35,"column":3}},"1":{"start":{"line":3,"column":48},"end":{"line":35,"column":1}}},"fnMap":{"0":{"name":"(anonymous_0)","decl":{"start":{"line":3,"column":36},"end":{"line":3,"column":37}},"loc":{"start":{"line":3,"column":48},"end":{"line":35,"column":1}},"line":3}},"branchMap":{},"s":{"0":1,"1":0},"f":{"0":0},"b":{},"_coverageSchema":"1a1c01bbd47fc00a2c39e90264f33305004495a9","hash":"0818961e9df182f264d53af3d562526032f8c1ec"}
,"/Users/anastasiyamarshyna/Documents/EPAM/React Course/ReactJS/src/components/modal/modal-title.tsx": {"path":"/Users/anastasiyamarshyna/Documents/EPAM/React Course/ReactJS/src/components/modal/modal-title.tsx","statementMap":{"0":{"start":{"line":3,"column":26},"end":{"line":6,"column":1}}},"fnMap":{},"branchMap":{},"s":{"0":1},"f":{},"b":{},"_coverageSchema":"1a1c01bbd47fc00a2c39e90264f33305004495a9","hash":"f77029d8c5eb2d4ffc4d60b26cb3ea4d780fa952"}
,"/Users/anastasiyamarshyna/Documents/EPAM/React Course/ReactJS/src/components/modal/modal.tsx": {"path":"/Users/anastasiyamarshyna/Documents/EPAM/React Course/ReactJS/src/components/modal/modal.tsx","statementMap":{"0":{"start":{"line":17,"column":20},"end":{"line":30,"column":1}},"1":{"start":{"line":33,"column":23},"end":{"line":60,"column":1}},"2":{"start":{"line":40,"column":18},"end":{"line":40,"column":29}},"3":{"start":{"line":42,"column":2},"end":{"line":59,"column":4}},"4":{"start":{"line":62,"column":21},"end":{"line":70,"column":1}},"5":{"start":{"line":63,"column":40},"end":{"line":63,"column":68}}},"fnMap":{"0":{"name":"(anonymous_0)","decl":{"start":{"line":33,"column":23},"end":{"line":33,"column":24}},"loc":{"start":{"line":39,"column":13},"end":{"line":60,"column":1}},"line":39},"1":{"name":"(anonymous_1)","decl":{"start":{"line":63,"column":13},"end":{"line":63,"column":14}},"loc":{"start":{"line":63,"column":40},"end":{"line":63,"column":68}},"line":63}},"branchMap":{"0":{"loc":{"start":{"line":63,"column":40},"end":{"line":63,"column":68}},"type":"cond-expr","locations":[{"start":{"line":63,"column":52},"end":{"line":63,"column":59}},{"start":{"line":63,"column":62},"end":{"line":63,"column":68}}],"line":63}},"s":{"0":1,"1":1,"2":0,"3":0,"4":1,"5":0},"f":{"0":0,"1":0},"b":{"0":[0,0]},"_coverageSchema":"1a1c01bbd47fc00a2c39e90264f33305004495a9","hash":"88d7bf48ace15f45cd48a29e8b9c15d8c59e4f96"}
,"/Users/anastasiyamarshyna/Documents/EPAM/React Course/ReactJS/src/components/movies/movies-results-number.tsx": {"path":"/Users/anastasiyamarshyna/Documents/EPAM/React Course/ReactJS/src/components/movies/movies-results-number.tsx","statementMap":{"0":{"start":{"line":4,"column":37},"end":{"line":6,"column":1}},"1":{"start":{"line":5,"column":2},"end":{"line":5,"column":50}},"2":{"start":{"line":8,"column":35},"end":{"line":11,"column":1}}},"fnMap":{"0":{"name":"(anonymous_0)","decl":{"start":{"line":4,"column":37},"end":{"line":4,"column":38}},"loc":{"start":{"line":5,"column":2},"end":{"line":5,"column":50}},"line":5}},"branchMap":{},"s":{"0":1,"1":0,"2":1},"f":{"0":0},"b":{},"_coverageSchema":"1a1c01bbd47fc00a2c39e90264f33305004495a9","hash":"edd08c3f58a01446bfcef972ee17fd515c7bc415"}
,"/Users/anastasiyamarshyna/Documents/EPAM/React Course/ReactJS/src/components/movies/movies-results.tsx": {"path":"/Users/anastasiyamarshyna/Documents/EPAM/React Course/ReactJS/src/components/movies/movies-results.tsx","statementMap":{"0":{"start":{"line":3,"column":29},"end":{"line":7,"column":1}}},"fnMap":{},"branchMap":{},"s":{"0":1},"f":{},"b":{},"_coverageSchema":"1a1c01bbd47fc00a2c39e90264f33305004495a9","hash":"8c977370daae489d08fadffea6b0eaeb5834e2b1"}
,"/Users/anastasiyamarshyna/Documents/EPAM/React Course/ReactJS/src/components/movies/movies-wrapper.tsx": {"path":"/Users/anastasiyamarshyna/Documents/EPAM/React Course/ReactJS/src/components/movies/movies-wrapper.tsx","statementMap":{"0":{"start":{"line":8,"column":29},"end":{"line":12,"column":1}}},"fnMap":{},"branchMap":{},"s":{"0":1},"f":{},"b":{},"_coverageSchema":"1a1c01bbd47fc00a2c39e90264f33305004495a9","hash":"0e54ddb50195a1185956c32f3774f120bfce53be"}
,"/Users/anastasiyamarshyna/Documents/EPAM/React Course/ReactJS/src/components/movies/movies.tsx": {"path":"/Users/anastasiyamarshyna/Documents/EPAM/React Course/ReactJS/src/components/movies/movies.tsx","statementMap":{"0":{"start":{"line":58,"column":16},"end":{"line":64,"column":1}},"1":{"start":{"line":65,"column":13},"end":{"line":65,"column":66}},"2":{"start":{"line":67,"column":33},"end":{"line":116,"column":1}},"3":{"start":{"line":76,"column":14},"end":{"line":76,"column":25}},"4":{"start":{"line":78,"column":2},"end":{"line":78,"column":55}},"5":{"start":{"line":78,"column":18},"end":{"line":78,"column":49}},"6":{"start":{"line":80,"column":29},"end":{"line":80,"column":79}},"7":{"start":{"line":80,"column":53},"end":{"line":80,"column":74}},"8":{"start":{"line":82,"column":2},"end":{"line":115,"column":4}},"9":{"start":{"line":89,"column":46},"end":{"line":89,"column":72}},"10":{"start":{"line":90,"column":48},"end":{"line":90,"column":70}},"11":{"start":{"line":99,"column":14},"end":{"line":107,"column":16}},"12":{"start":{"line":118,"column":24},"end":{"line":123,"column":2}},"13":{"start":{"line":118,"column":36},"end":{"line":123,"column":1}},"14":{"start":{"line":125,"column":27},"end":{"line":129,"column":2}},"15":{"start":{"line":125,"column":42},"end":{"line":129,"column":1}},"16":{"start":{"line":126,"column":33},"end":{"line":126,"column":60}},"17":{"start":{"line":127,"column":37},"end":{"line":127,"column":68}},"18":{"start":{"line":128,"column":38},"end":{"line":128,"column":70}},"19":{"start":{"line":131,"column":24},"end":{"line":135,"column":1}}},"fnMap":{"0":{"name":"(anonymous_0)","decl":{"start":{"line":67,"column":33},"end":{"line":67,"column":34}},"loc":{"start":{"line":75,"column":13},"end":{"line":116,"column":1}},"line":75},"1":{"name":"(anonymous_1)","decl":{"start":{"line":78,"column":12},"end":{"line":78,"column":13}},"loc":{"start":{"line":78,"column":18},"end":{"line":78,"column":49}},"line":78},"2":{"name":"(anonymous_2)","decl":{"start":{"line":80,"column":41},"end":{"line":80,"column":42}},"loc":{"start":{"line":80,"column":53},"end":{"line":80,"column":74}},"line":80},"3":{"name":"(anonymous_3)","decl":{"start":{"line":89,"column":26},"end":{"line":89,"column":27}},"loc":{"start":{"line":89,"column":46},"end":{"line":89,"column":72}},"line":89},"4":{"name":"(anonymous_4)","decl":{"start":{"line":90,"column":27},"end":{"line":90,"column":28}},"loc":{"start":{"line":90,"column":48},"end":{"line":90,"column":70}},"line":90},"5":{"name":"(anonymous_5)","decl":{"start":{"line":98,"column":23},"end":{"line":98,"column":24}},"loc":{"start":{"line":99,"column":14},"end":{"line":107,"column":16}},"line":99},"6":{"name":"(anonymous_6)","decl":{"start":{"line":118,"column":24},"end":{"line":118,"column":25}},"loc":{"start":{"line":118,"column":36},"end":{"line":123,"column":1}},"line":118},"7":{"name":"(anonymous_7)","decl":{"start":{"line":125,"column":27},"end":{"line":125,"column":28}},"loc":{"start":{"line":125,"column":42},"end":{"line":129,"column":1}},"line":125},"8":{"name":"(anonymous_8)","decl":{"start":{"line":126,"column":15},"end":{"line":126,"column":16}},"loc":{"start":{"line":126,"column":33},"end":{"line":126,"column":60}},"line":126},"9":{"name":"(anonymous_9)","decl":{"start":{"line":127,"column":17},"end":{"line":127,"column":18}},"loc":{"start":{"line":127,"column":37},"end":{"line":127,"column":68}},"line":127},"10":{"name":"(anonymous_10)","decl":{"start":{"line":128,"column":17},"end":{"line":128,"column":18}},"loc":{"start":{"line":128,"column":38},"end":{"line":128,"column":70}},"line":128}},"branchMap":{"0":{"loc":{"start":{"line":97,"column":11},"end":{"line":111,"column":11}},"type":"cond-expr","locations":[{"start":{"line":98,"column":12},"end":{"line":108,"column":14}},{"start":{"line":110,"column":12},"end":{"line":110,"column":28}}],"line":97}},"s":{"0":1,"1":1,"2":1,"3":0,"4":0,"5":0,"6":0,"7":0,"8":0,"9":0,"10":0,"11":0,"12":1,"13":0,"14":1,"15":0,"16":0,"17":0,"18":0,"19":1},"f":{"0":0,"1":0,"2":0,"3":0,"4":0,"5":0,"6":0,"7":0,"8":0,"9":0,"10":0},"b":{"0":[0,0]},"_coverageSchema":"1a1c01bbd47fc00a2c39e90264f33305004495a9","hash":"677a34bca7ab701df77045dd3d5c16a2d6c3fe3d"}
,"/Users/anastasiyamarshyna/Documents/EPAM/React Course/ReactJS/src/components/movies/filter/filter-item.tsx": {"path":"/Users/anastasiyamarshyna/Documents/EPAM/React Course/ReactJS/src/components/movies/filter/filter-item.tsx","statementMap":{"0":{"start":{"line":3,"column":26},"end":{"line":13,"column":1}}},"fnMap":{},"branchMap":{},"s":{"0":1},"f":{},"b":{},"_coverageSchema":"1a1c01bbd47fc00a2c39e90264f33305004495a9","hash":"9dcf644bd63992070b2aa1911f28ca86fd342da8"}
,"/Users/anastasiyamarshyna/Documents/EPAM/React Course/ReactJS/src/components/movies/filter/filter-section.tsx": {"path":"/Users/anastasiyamarshyna/Documents/EPAM/React Course/ReactJS/src/components/movies/filter/filter-section.tsx","statementMap":{"0":{"start":{"line":3,"column":29},"end":{"line":6,"column":1}}},"fnMap":{},"branchMap":{},"s":{"0":1},"f":{},"b":{},"_coverageSchema":"1a1c01bbd47fc00a2c39e90264f33305004495a9","hash":"ad55274bc60b8b174962030654c5320f089e8476"}
,"/Users/anastasiyamarshyna/Documents/EPAM/React Course/ReactJS/src/components/movies/filter/filter.styles.tsx": {"path":"/Users/anastasiyamarshyna/Documents/EPAM/React Course/ReactJS/src/components/movies/filter/filter.styles.tsx","statementMap":{"0":{"start":{"line":3,"column":25},"end":{"line":12,"column":3}},"1":{"start":{"line":3,"column":48},"end":{"line":12,"column":1}}},"fnMap":{"0":{"name":"(anonymous_0)","decl":{"start":{"line":3,"column":36},"end":{"line":3,"column":37}},"loc":{"start":{"line":3,"column":48},"end":{"line":12,"column":1}},"line":3}},"branchMap":{},"s":{"0":1,"1":0},"f":{"0":0},"b":{},"_coverageSchema":"1a1c01bbd47fc00a2c39e90264f33305004495a9","hash":"1759c7d26d7e8e3b3fd75451d3c92c6df33e4d65"}
,"/Users/anastasiyamarshyna/Documents/EPAM/React Course/ReactJS/src/components/movies/filter/filter.tsx": {"path":"/Users/anastasiyamarshyna/Documents/EPAM/React Course/ReactJS/src/components/movies/filter/filter.tsx","statementMap":{"0":{"start":{"line":19,"column":24},"end":{"line":56,"column":1}},"1":{"start":{"line":27,"column":18},"end":{"line":27,"column":29}},"2":{"start":{"line":29,"column":2},"end":{"line":55,"column":4}},"3":{"start":{"line":33,"column":10},"end":{"line":35,"column":23}},"4":{"start":{"line":33,"column":50},"end":{"line":33,"column":72}},"5":{"start":{"line":43,"column":33},"end":{"line":43,"column":68}},"6":{"start":{"line":47,"column":14},"end":{"line":49,"column":25}},"7":{"start":{"line":58,"column":15},"end":{"line":64,"column":1}}},"fnMap":{"0":{"name":"(anonymous_0)","decl":{"start":{"line":19,"column":24},"end":{"line":19,"column":25}},"loc":{"start":{"line":26,"column":13},"end":{"line":56,"column":1}},"line":26},"1":{"name":"(anonymous_1)","decl":{"start":{"line":32,"column":22},"end":{"line":32,"column":23}},"loc":{"start":{"line":33,"column":10},"end":{"line":35,"column":23}},"line":33},"2":{"name":"(anonymous_2)","decl":{"start":{"line":33,"column":44},"end":{"line":33,"column":45}},"loc":{"start":{"line":33,"column":50},"end":{"line":33,"column":72}},"line":33},"3":{"name":"(anonymous_3)","decl":{"start":{"line":43,"column":22},"end":{"line":43,"column":23}},"loc":{"start":{"line":43,"column":33},"end":{"line":43,"column":68}},"line":43},"4":{"name":"(anonymous_4)","decl":{"start":{"line":46,"column":22},"end":{"line":46,"column":23}},"loc":{"start":{"line":47,"column":14},"end":{"line":49,"column":25}},"line":47}},"branchMap":{},"s":{"0":1,"1":0,"2":0,"3":0,"4":0,"5":0,"6":0,"7":1},"f":{"0":0,"1":0,"2":0,"3":0,"4":0},"b":{},"_coverageSchema":"1a1c01bbd47fc00a2c39e90264f33305004495a9","hash":"2c7cc980d8a4b68c4ec4044cf9ae60fa845e06bb"}
,"/Users/anastasiyamarshyna/Documents/EPAM/React Course/ReactJS/src/components/movies/filter/sort-title.tsx": {"path":"/Users/anastasiyamarshyna/Documents/EPAM/React Course/ReactJS/src/components/movies/filter/sort-title.tsx","statementMap":{"0":{"start":{"line":3,"column":25},"end":{"line":5,"column":1}}},"fnMap":{},"branchMap":{},"s":{"0":1},"f":{},"b":{},"_coverageSchema":"1a1c01bbd47fc00a2c39e90264f33305004495a9","hash":"79723be28e392574de23d9533298aeeac15ce8fa"}
,"/Users/anastasiyamarshyna/Documents/EPAM/React Course/ReactJS/src/components/movies/menu/menu-styles.tsx": {"path":"/Users/anastasiyamarshyna/Documents/EPAM/React Course/ReactJS/src/components/movies/menu/menu-styles.tsx","statementMap":{"0":{"start":{"line":3,"column":25},"end":{"line":20,"column":3}},"1":{"start":{"line":3,"column":48},"end":{"line":20,"column":1}}},"fnMap":{"0":{"name":"(anonymous_0)","decl":{"start":{"line":3,"column":36},"end":{"line":3,"column":37}},"loc":{"start":{"line":3,"column":48},"end":{"line":20,"column":1}},"line":3}},"branchMap":{},"s":{"0":1,"1":0},"f":{"0":0},"b":{},"_coverageSchema":"1a1c01bbd47fc00a2c39e90264f33305004495a9","hash":"095f99056d4c7902f58858b02ddf1dfae4c36daf"}
,"/Users/anastasiyamarshyna/Documents/EPAM/React Course/ReactJS/src/components/movies/menu/menu.tsx": {"path":"/Users/anastasiyamarshyna/Documents/EPAM/React Course/ReactJS/src/components/movies/menu/menu.tsx","statementMap":{"0":{"start":{"line":11,"column":20},"end":{"line":11,"column":22}},"1":{"start":{"line":20,"column":26},"end":{"line":83,"column":1}},"2":{"start":{"line":26,"column":34},"end":{"line":26,"column":68}},"3":{"start":{"line":28,"column":22},"end":{"line":30,"column":3}},"4":{"start":{"line":29,"column":4},"end":{"line":29,"column":37}},"5":{"start":{"line":32,"column":22},"end":{"line":34,"column":3}},"6":{"start":{"line":33,"column":4},"end":{"line":33,"column":22}},"7":{"start":{"line":36,"column":18},"end":{"line":36,"column":29}},"8":{"start":{"line":38,"column":2},"end":{"line":82,"column":4}},"9":{"start":{"line":45,"column":10},"end":{"line":45,"column":30}},"10":{"start":{"line":46,"column":10},"end":{"line":46,"column":25}},"11":{"start":{"line":68,"column":10},"end":{"line":78,"column":21}},"12":{"start":{"line":72,"column":14},"end":{"line":72,"column":34}},"13":{"start":{"line":73,"column":14},"end":{"line":73,"column":28}},"14":{"start":{"line":74,"column":14},"end":{"line":74,"column":42}},"15":{"start":{"line":85,"column":17},"end":{"line":92,"column":1}}},"fnMap":{"0":{"name":"(anonymous_0)","decl":{"start":{"line":20,"column":26},"end":{"line":20,"column":27}},"loc":{"start":{"line":25,"column":13},"end":{"line":83,"column":1}},"line":25},"1":{"name":"(anonymous_1)","decl":{"start":{"line":28,"column":22},"end":{"line":28,"column":23}},"loc":{"start":{"line":28,"column":64},"end":{"line":30,"column":3}},"line":28},"2":{"name":"(anonymous_2)","decl":{"start":{"line":32,"column":22},"end":{"line":32,"column":23}},"loc":{"start":{"line":32,"column":28},"end":{"line":34,"column":3}},"line":32},"3":{"name":"(anonymous_3)","decl":{"start":{"line":44,"column":17},"end":{"line":44,"column":18}},"loc":{"start":{"line":44,"column":24},"end":{"line":47,"column":9}},"line":44},"4":{"name":"(anonymous_4)","decl":{"start":{"line":67,"column":25},"end":{"line":67,"column":26}},"loc":{"start":{"line":68,"column":10},"end":{"line":78,"column":21}},"line":68},"5":{"name":"(anonymous_5)","decl":{"start":{"line":71,"column":21},"end":{"line":71,"column":22}},"loc":{"start":{"line":71,"column":28},"end":{"line":75,"column":13}},"line":71}},"branchMap":{},"s":{"0":1,"1":1,"2":0,"3":0,"4":0,"5":0,"6":0,"7":0,"8":0,"9":0,"10":0,"11":0,"12":0,"13":0,"14":0,"15":1},"f":{"0":0,"1":0,"2":0,"3":0,"4":0,"5":0},"b":{},"_coverageSchema":"1a1c01bbd47fc00a2c39e90264f33305004495a9","hash":"da16e4f02621c73be1c4ef04d7374bf6ba3786bc"}
,"/Users/anastasiyamarshyna/Documents/EPAM/React Course/ReactJS/src/components/movies/movie-card/movie-card.tsx": {"path":"/Users/anastasiyamarshyna/Documents/EPAM/React Course/ReactJS/src/components/movies/movie-card/movie-card.tsx","statementMap":{"0":{"start":{"line":23,"column":20},"end":{"line":23,"column":58}},"1":{"start":{"line":37,"column":27},"end":{"line":113,"column":1}},"2":{"start":{"line":49,"column":16},"end":{"line":49,"column":28}},"3":{"start":{"line":50,"column":46},"end":{"line":50,"column":61}},"4":{"start":{"line":51,"column":44},"end":{"line":51,"column":59}},"5":{"start":{"line":52,"column":44},"end":{"line":52,"column":58}},"6":{"start":{"line":54,"column":49},"end":{"line":54,"column":63}},"7":{"start":{"line":55,"column":32},"end":{"line":58,"column":3}},"8":{"start":{"line":56,"column":4},"end":{"line":56,"column":24}},"9":{"start":{"line":57,"column":4},"end":{"line":57,"column":39}},"10":{"start":{"line":60,"column":26},"end":{"line":67,"column":3}},"11":{"start":{"line":61,"column":4},"end":{"line":63,"column":56}},"12":{"start":{"line":64,"column":4},"end":{"line":64,"column":25}},"13":{"start":{"line":65,"column":4},"end":{"line":65,"column":60}},"14":{"start":{"line":65,"column":45},"end":{"line":65,"column":57}},"15":{"start":{"line":66,"column":4},"end":{"line":66,"column":28}},"16":{"start":{"line":69,"column":2},"end":{"line":112,"column":4}},"17":{"start":{"line":70,"column":50},"end":{"line":70,"column":78}},"18":{"start":{"line":95,"column":14},"end":{"line":95,"column":45}},"19":{"start":{"line":96,"column":14},"end":{"line":96,"column":38}},"20":{"start":{"line":103,"column":14},"end":{"line":103,"column":38}},"21":{"start":{"line":104,"column":14},"end":{"line":104,"column":30}},"22":{"start":{"line":115,"column":24},"end":{"line":117,"column":2}},"23":{"start":{"line":115,"column":36},"end":{"line":117,"column":1}},"24":{"start":{"line":119,"column":27},"end":{"line":122,"column":2}},"25":{"start":{"line":119,"column":42},"end":{"line":122,"column":1}},"26":{"start":{"line":120,"column":30},"end":{"line":120,"column":55}},"27":{"start":{"line":121,"column":35},"end":{"line":121,"column":64}},"28":{"start":{"line":124,"column":18},"end":{"line":126,"column":1}}},"fnMap":{"0":{"name":"(anonymous_0)","decl":{"start":{"line":37,"column":27},"end":{"line":37,"column":28}},"loc":{"start":{"line":48,"column":13},"end":{"line":113,"column":1}},"line":48},"1":{"name":"(anonymous_1)","decl":{"start":{"line":55,"column":32},"end":{"line":55,"column":33}},"loc":{"start":{"line":55,"column":47},"end":{"line":58,"column":3}},"line":55},"2":{"name":"(anonymous_2)","decl":{"start":{"line":60,"column":26},"end":{"line":60,"column":27}},"loc":{"start":{"line":60,"column":51},"end":{"line":67,"column":3}},"line":60},"3":{"name":"(anonymous_3)","decl":{"start":{"line":65,"column":37},"end":{"line":65,"column":38}},"loc":{"start":{"line":65,"column":45},"end":{"line":65,"column":57}},"line":65},"4":{"name":"(anonymous_4)","decl":{"start":{"line":70,"column":44},"end":{"line":70,"column":45}},"loc":{"start":{"line":70,"column":50},"end":{"line":70,"column":78}},"line":70},"5":{"name":"(anonymous_5)","decl":{"start":{"line":94,"column":34},"end":{"line":94,"column":35}},"loc":{"start":{"line":94,"column":40},"end":{"line":97,"column":13}},"line":94},"6":{"name":"(anonymous_6)","decl":{"start":{"line":102,"column":27},"end":{"line":102,"column":28}},"loc":{"start":{"line":102,"column":37},"end":{"line":105,"column":13}},"line":102},"7":{"name":"(anonymous_7)","decl":{"start":{"line":115,"column":24},"end":{"line":115,"column":25}},"loc":{"start":{"line":115,"column":36},"end":{"line":117,"column":1}},"line":115},"8":{"name":"(anonymous_8)","decl":{"start":{"line":119,"column":27},"end":{"line":119,"column":28}},"loc":{"start":{"line":119,"column":42},"end":{"line":122,"column":1}},"line":119},"9":{"name":"(anonymous_9)","decl":{"start":{"line":120,"column":13},"end":{"line":120,"column":14}},"loc":{"start":{"line":120,"column":30},"end":{"line":120,"column":55}},"line":120},"10":{"name":"(anonymous_10)","decl":{"start":{"line":121,"column":19},"end":{"line":121,"column":20}},"loc":{"start":{"line":121,"column":35},"end":{"line":121,"column":64}},"line":121}},"branchMap":{"0":{"loc":{"start":{"line":61,"column":4},"end":{"line":63,"column":55}},"type":"cond-expr","locations":[{"start":{"line":62,"column":8},"end":{"line":62,"column":55}},{"start":{"line":63,"column":8},"end":{"line":63,"column":55}}],"line":61},"1":{"loc":{"start":{"line":90,"column":15},"end":{"line":90,"column":60}},"type":"cond-expr","locations":[{"start":{"line":90,"column":31},"end":{"line":90,"column":45}},{"start":{"line":90,"column":48},"end":{"line":90,"column":60}}],"line":90},"2":{"loc":{"start":{"line":92,"column":9},"end":{"line":109,"column":9}},"type":"cond-expr","locations":[{"start":{"line":93,"column":10},"end":{"line":98,"column":12}},{"start":{"line":100,"column":10},"end":{"line":108,"column":12}}],"line":92}},"s":{"0":1,"1":1,"2":0,"3":0,"4":0,"5":0,"6":0,"7":0,"8":0,"9":0,"10":0,"11":0,"12":0,"13":0,"14":0,"15":0,"16":0,"17":0,"18":0,"19":0,"20":0,"21":0,"22":1,"23":0,"24":1,"25":0,"26":0,"27":0,"28":1},"f":{"0":0,"1":0,"2":0,"3":0,"4":0,"5":0,"6":0,"7":0,"8":0,"9":0,"10":0},"b":{"0":[0,0],"1":[0,0],"2":[0,0]},"_coverageSchema":"1a1c01bbd47fc00a2c39e90264f33305004495a9","hash":"9d1e17da585893f4c33ea0b09234e152f0900970"}
,"/Users/anastasiyamarshyna/Documents/EPAM/React Course/ReactJS/src/components/movies/movie-card/movie-description.tsx": {"path":"/Users/anastasiyamarshyna/Documents/EPAM/React Course/ReactJS/src/components/movies/movie-card/movie-description.tsx","statementMap":{"0":{"start":{"line":4,"column":34},"end":{"line":6,"column":1}},"1":{"start":{"line":5,"column":2},"end":{"line":5,"column":55}},"2":{"start":{"line":8,"column":32},"end":{"line":12,"column":1}}},"fnMap":{"0":{"name":"(anonymous_0)","decl":{"start":{"line":4,"column":34},"end":{"line":4,"column":35}},"loc":{"start":{"line":5,"column":2},"end":{"line":5,"column":55}},"line":5}},"branchMap":{"0":{"loc":{"start":{"line":5,"column":28},"end":{"line":5,"column":50}},"type":"binary-expr","locations":[{"start":{"line":5,"column":28},"end":{"line":5,"column":40}},{"start":{"line":5,"column":44},"end":{"line":5,"column":50}}],"line":5}},"s":{"0":1,"1":0,"2":1},"f":{"0":0},"b":{"0":[0,0]},"_coverageSchema":"1a1c01bbd47fc00a2c39e90264f33305004495a9","hash":"ba07dfe435ae62f169057547abaf1d7a9b39cc06"}
,"/Users/anastasiyamarshyna/Documents/EPAM/React Course/ReactJS/src/components/movies/movie-card/movie-image-section.tsx": {"path":"/Users/anastasiyamarshyna/Documents/EPAM/React Course/ReactJS/src/components/movies/movie-card/movie-image-section.tsx","statementMap":{"0":{"start":{"line":5,"column":33},"end":{"line":11,"column":1}}},"fnMap":{},"branchMap":{},"s":{"0":1},"f":{},"b":{},"_coverageSchema":"1a1c01bbd47fc00a2c39e90264f33305004495a9","hash":"98699b8c4fa1399d4a4d80e060e1ab056e8cc3a5"}
,"/Users/anastasiyamarshyna/Documents/EPAM/React Course/ReactJS/src/components/movies/movie-card/movie-image.tsx": {"path":"/Users/anastasiyamarshyna/Documents/EPAM/React Course/ReactJS/src/components/movies/movie-card/movie-image.tsx","statementMap":{"0":{"start":{"line":3,"column":26},"end":{"line":5,"column":1}}},"fnMap":{},"branchMap":{},"s":{"0":1},"f":{},"b":{},"_coverageSchema":"1a1c01bbd47fc00a2c39e90264f33305004495a9","hash":"acc4bbbfc5892a469fba6d70c0d87c0594dfc1a2"}
,"/Users/anastasiyamarshyna/Documents/EPAM/React Course/ReactJS/src/components/movies/movie-card/movie-section.tsx": {"path":"/Users/anastasiyamarshyna/Documents/EPAM/React Course/ReactJS/src/components/movies/movie-card/movie-section.tsx","statementMap":{"0":{"start":{"line":3,"column":28},"end":{"line":7,"column":1}}},"fnMap":{},"branchMap":{},"s":{"0":1},"f":{},"b":{},"_coverageSchema":"1a1c01bbd47fc00a2c39e90264f33305004495a9","hash":"0c6c020115f3ecd731716b8a41803a332d002f20"}
,"/Users/anastasiyamarshyna/Documents/EPAM/React Course/ReactJS/src/components/movies/movie-card/movie-title.tsx": {"path":"/Users/anastasiyamarshyna/Documents/EPAM/React Course/ReactJS/src/components/movies/movie-card/movie-title.tsx","statementMap":{"0":{"start":{"line":4,"column":28},"end":{"line":6,"column":1}},"1":{"start":{"line":5,"column":2},"end":{"line":5,"column":38}},"2":{"start":{"line":7,"column":26},"end":{"line":12,"column":1}}},"fnMap":{"0":{"name":"(anonymous_0)","decl":{"start":{"line":4,"column":28},"end":{"line":4,"column":29}},"loc":{"start":{"line":5,"column":2},"end":{"line":5,"column":38}},"line":5}},"branchMap":{},"s":{"0":1,"1":0,"2":1},"f":{"0":0},"b":{},"_coverageSchema":"1a1c01bbd47fc00a2c39e90264f33305004495a9","hash":"2116c7d6e4e216093a8151e5239574662c349631"}
,"/Users/anastasiyamarshyna/Documents/EPAM/React Course/ReactJS/src/components/movies/no-movie-found/no-movie-found.tsx": {"path":"/Users/anastasiyamarshyna/Documents/EPAM/React Course/ReactJS/src/components/movies/no-movie-found/no-movie-found.tsx","statementMap":{"0":{"start":{"line":8,"column":30},"end":{"line":10,"column":1}},"1":{"start":{"line":9,"column":2},"end":{"line":9,"column":51}},"2":{"start":{"line":12,"column":21},"end":{"line":18,"column":1}}},"fnMap":{"0":{"name":"(anonymous_0)","decl":{"start":{"line":8,"column":30},"end":{"line":8,"column":31}},"loc":{"start":{"line":9,"column":2},"end":{"line":9,"column":51}},"line":9}},"branchMap":{},"s":{"0":1,"1":0,"2":1},"f":{"0":0},"b":{},"_coverageSchema":"1a1c01bbd47fc00a2c39e90264f33305004495a9","hash":"e172b91dfdca9971f1f316b4196a4ed698fa4b5e"}
,"/Users/anastasiyamarshyna/Documents/EPAM/React Course/ReactJS/src/redux/actions/actionTypes.ts": {"path":"/Users/anastasiyamarshyna/Documents/EPAM/React Course/ReactJS/src/redux/actions/actionTypes.ts","statementMap":{"0":{"start":{"line":1,"column":34},"end":{"line":1,"column":54}},"1":{"start":{"line":2,"column":36},"end":{"line":2,"column":58}},"2":{"start":{"line":3,"column":34},"end":{"line":3,"column":54}},"3":{"start":{"line":5,"column":35},"end":{"line":5,"column":56}},"4":{"start":{"line":6,"column":33},"end":{"line":6,"column":52}},"5":{"start":{"line":7,"column":33},"end":{"line":7,"column":52}},"6":{"start":{"line":9,"column":36},"end":{"line":9,"column":58}},"7":{"start":{"line":10,"column":34},"end":{"line":10,"column":54}},"8":{"start":{"line":11,"column":34},"end":{"line":11,"column":54}},"9":{"start":{"line":13,"column":36},"end":{"line":13,"column":58}},"10":{"start":{"line":14,"column":34},"end":{"line":14,"column":54}},"11":{"start":{"line":15,"column":34},"end":{"line":15,"column":54}},"12":{"start":{"line":17,"column":34},"end":{"line":17,"column":54}},"13":{"start":{"line":18,"column":32},"end":{"line":18,"column":50}},"14":{"start":{"line":19,"column":32},"end":{"line":19,"column":50}},"15":{"start":{"line":21,"column":37},"end":{"line":21,"column":60}},"16":{"start":{"line":22,"column":35},"end":{"line":22,"column":56}},"17":{"start":{"line":23,"column":35},"end":{"line":23,"column":56}},"18":{"start":{"line":25,"column":38},"end":{"line":25,"column":62}},"19":{"start":{"line":26,"column":36},"end":{"line":26,"column":58}},"20":{"start":{"line":27,"column":36},"end":{"line":27,"column":58}},"21":{"start":{"line":29,"column":36},"end":{"line":29,"column":58}},"22":{"start":{"line":30,"column":34},"end":{"line":30,"column":54}},"23":{"start":{"line":31,"column":34},"end":{"line":31,"column":54}}},"fnMap":{},"branchMap":{},"s":{"0":1,"1":1,"2":1,"3":1,"4":1,"5":1,"6":1,"7":1,"8":1,"9":1,"10":1,"11":1,"12":1,"13":1,"14":1,"15":1,"16":1,"17":1,"18":1,"19":1,"20":1,"21":1,"22":1,"23":1},"f":{},"b":{},"_coverageSchema":"1a1c01bbd47fc00a2c39e90264f33305004495a9","hash":"4d3e6f04d7980897aa89264554ea9396baf83cba"}
,"/Users/anastasiyamarshyna/Documents/EPAM/React Course/ReactJS/src/redux/actions/movie.ts": {"path":"/Users/anastasiyamarshyna/Documents/EPAM/React Course/ReactJS/src/redux/actions/movie.ts","statementMap":{"0":{"start":{"line":29,"column":27},"end":{"line":44,"column":1}},"1":{"start":{"line":29,"column":47},"end":{"line":44,"column":1}},"2":{"start":{"line":30,"column":23},"end":{"line":30,"column":72}},"3":{"start":{"line":31,"column":21},"end":{"line":31,"column":75}},"4":{"start":{"line":33,"column":4},"end":{"line":35,"column":46}},"5":{"start":{"line":36,"column":2},"end":{"line":36,"column":31}},"6":{"start":{"line":38,"column":2},"end":{"line":43,"column":49}},"7":{"start":{"line":41,"column":19},"end":{"line":41,"column":29}},"8":{"start":{"line":42,"column":22},"end":{"line":42,"column":64}},"9":{"start":{"line":43,"column":18},"end":{"line":43,"column":47}},"10":{"start":{"line":45,"column":34},"end":{"line":48,"column":2}},"11":{"start":{"line":45,"column":56},"end":{"line":48,"column":1}},"12":{"start":{"line":49,"column":32},"end":{"line":51,"column":2}},"13":{"start":{"line":49,"column":39},"end":{"line":51,"column":1}},"14":{"start":{"line":52,"column":32},"end":{"line":55,"column":2}},"15":{"start":{"line":52,"column":44},"end":{"line":55,"column":1}},"16":{"start":{"line":57,"column":30},"end":{"line":63,"column":1}},"17":{"start":{"line":57,"column":51},"end":{"line":63,"column":1}},"18":{"start":{"line":58,"column":2},"end":{"line":58,"column":30}},"19":{"start":{"line":59,"column":2},"end":{"line":62,"column":48}},"20":{"start":{"line":60,"column":19},"end":{"line":60,"column":29}},"21":{"start":{"line":61,"column":22},"end":{"line":61,"column":57}},"22":{"start":{"line":62,"column":18},"end":{"line":62,"column":46}},"23":{"start":{"line":64,"column":31},"end":{"line":66,"column":2}},"24":{"start":{"line":64,"column":38},"end":{"line":66,"column":1}},"25":{"start":{"line":67,"column":31},"end":{"line":70,"column":2}},"26":{"start":{"line":67,"column":43},"end":{"line":70,"column":1}},"27":{"start":{"line":71,"column":33},"end":{"line":74,"column":2}},"28":{"start":{"line":71,"column":59},"end":{"line":74,"column":1}},"29":{"start":{"line":76,"column":31},"end":{"line":83,"column":1}},"30":{"start":{"line":76,"column":52},"end":{"line":83,"column":1}},"31":{"start":{"line":77,"column":2},"end":{"line":77,"column":31}},"32":{"start":{"line":78,"column":2},"end":{"line":82,"column":49}},"33":{"start":{"line":81,"column":16},"end":{"line":81,"column":53}},"34":{"start":{"line":82,"column":18},"end":{"line":82,"column":47}},"35":{"start":{"line":84,"column":34},"end":{"line":87,"column":2}},"36":{"start":{"line":84,"column":43},"end":{"line":87,"column":1}},"37":{"start":{"line":88,"column":32},"end":{"line":90,"column":2}},"38":{"start":{"line":88,"column":39},"end":{"line":90,"column":1}},"39":{"start":{"line":91,"column":32},"end":{"line":94,"column":2}},"40":{"start":{"line":91,"column":44},"end":{"line":94,"column":1}},"41":{"start":{"line":96,"column":27},"end":{"line":108,"column":1}},"42":{"start":{"line":96,"column":44},"end":{"line":108,"column":1}},"43":{"start":{"line":97,"column":2},"end":{"line":97,"column":31}},"44":{"start":{"line":98,"column":2},"end":{"line":107,"column":49}},"45":{"start":{"line":105,"column":19},"end":{"line":105,"column":29}},"46":{"start":{"line":106,"column":22},"end":{"line":106,"column":58}},"47":{"start":{"line":107,"column":18},"end":{"line":107,"column":47}},"48":{"start":{"line":109,"column":34},"end":{"line":112,"column":2}},"49":{"start":{"line":109,"column":60},"end":{"line":112,"column":1}},"50":{"start":{"line":113,"column":32},"end":{"line":115,"column":2}},"51":{"start":{"line":113,"column":39},"end":{"line":115,"column":1}},"52":{"start":{"line":116,"column":32},"end":{"line":119,"column":2}},"53":{"start":{"line":116,"column":44},"end":{"line":119,"column":1}},"54":{"start":{"line":121,"column":25},"end":{"line":133,"column":1}},"55":{"start":{"line":121,"column":42},"end":{"line":133,"column":1}},"56":{"start":{"line":122,"column":2},"end":{"line":122,"column":29}},"57":{"start":{"line":123,"column":2},"end":{"line":132,"column":47}},"58":{"start":{"line":130,"column":19},"end":{"line":130,"column":29}},"59":{"start":{"line":131,"column":22},"end":{"line":131,"column":56}},"60":{"start":{"line":132,"column":18},"end":{"line":132,"column":45}},"61":{"start":{"line":134,"column":32},"end":{"line":137,"column":2}},"62":{"start":{"line":134,"column":51},"end":{"line":137,"column":1}},"63":{"start":{"line":138,"column":30},"end":{"line":140,"column":2}},"64":{"start":{"line":138,"column":37},"end":{"line":140,"column":1}},"65":{"start":{"line":141,"column":30},"end":{"line":144,"column":2}},"66":{"start":{"line":141,"column":42},"end":{"line":144,"column":1}},"67":{"start":{"line":146,"column":29},"end":{"line":159,"column":1}},"68":{"start":{"line":146,"column":49},"end":{"line":159,"column":1}},"69":{"start":{"line":147,"column":23},"end":{"line":147,"column":77}},"70":{"start":{"line":148,"column":21},"end":{"line":148,"column":75}},"71":{"start":{"line":149,"column":23},"end":{"line":151,"column":10}},"72":{"start":{"line":152,"column":2},"end":{"line":152,"column":33}},"73":{"start":{"line":153,"column":2},"end":{"line":158,"column":51}},"74":{"start":{"line":156,"column":19},"end":{"line":156,"column":29}},"75":{"start":{"line":157,"column":22},"end":{"line":157,"column":74}},"76":{"start":{"line":158,"column":18},"end":{"line":158,"column":49}},"77":{"start":{"line":160,"column":34},"end":{"line":162,"column":2}},"78":{"start":{"line":160,"column":41},"end":{"line":162,"column":1}},"79":{"start":{"line":163,"column":36},"end":{"line":167,"column":2}},"80":{"start":{"line":163,"column":74},"end":{"line":167,"column":1}},"81":{"start":{"line":168,"column":34},"end":{"line":171,"column":2}},"82":{"start":{"line":168,"column":46},"end":{"line":171,"column":1}},"83":{"start":{"line":173,"column":29},"end":{"line":189,"column":1}},"84":{"start":{"line":173,"column":50},"end":{"line":189,"column":1}},"85":{"start":{"line":174,"column":21},"end":{"line":174,"column":55}},"86":{"start":{"line":176,"column":4},"end":{"line":178,"column":46}},"87":{"start":{"line":179,"column":23},"end":{"line":181,"column":10}},"88":{"start":{"line":182,"column":2},"end":{"line":182,"column":33}},"89":{"start":{"line":183,"column":2},"end":{"line":188,"column":51}},"90":{"start":{"line":186,"column":19},"end":{"line":186,"column":29}},"91":{"start":{"line":187,"column":22},"end":{"line":187,"column":75}},"92":{"start":{"line":188,"column":18},"end":{"line":188,"column":49}},"93":{"start":{"line":190,"column":34},"end":{"line":192,"column":2}},"94":{"start":{"line":190,"column":41},"end":{"line":192,"column":1}},"95":{"start":{"line":193,"column":36},"end":{"line":197,"column":2}},"96":{"start":{"line":193,"column":75},"end":{"line":197,"column":1}},"97":{"start":{"line":198,"column":34},"end":{"line":201,"column":2}},"98":{"start":{"line":198,"column":46},"end":{"line":201,"column":1}},"99":{"start":{"line":203,"column":27},"end":{"line":217,"column":1}},"100":{"start":{"line":203,"column":47},"end":{"line":217,"column":1}},"101":{"start":{"line":204,"column":23},"end":{"line":204,"column":72}},"102":{"start":{"line":205,"column":21},"end":{"line":205,"column":75}},"103":{"start":{"line":207,"column":4},"end":{"line":209,"column":46}},"104":{"start":{"line":210,"column":2},"end":{"line":210,"column":31}},"105":{"start":{"line":211,"column":2},"end":{"line":216,"column":49}},"106":{"start":{"line":214,"column":19},"end":{"line":214,"column":29}},"107":{"start":{"line":215,"column":22},"end":{"line":215,"column":72}},"108":{"start":{"line":216,"column":18},"end":{"line":216,"column":47}},"109":{"start":{"line":218,"column":32},"end":{"line":220,"column":2}},"110":{"start":{"line":218,"column":39},"end":{"line":220,"column":1}},"111":{"start":{"line":221,"column":34},"end":{"line":225,"column":2}},"112":{"start":{"line":221,"column":72},"end":{"line":225,"column":1}},"113":{"start":{"line":226,"column":32},"end":{"line":229,"column":2}},"114":{"start":{"line":226,"column":44},"end":{"line":229,"column":1}}},"fnMap":{"0":{"name":"(anonymous_0)","decl":{"start":{"line":29,"column":27},"end":{"line":29,"column":28}},"loc":{"start":{"line":29,"column":47},"end":{"line":44,"column":1}},"line":29},"1":{"name":"(anonymous_1)","decl":{"start":{"line":29,"column":47},"end":{"line":29,"column":48}},"loc":{"start":{"line":29,"column":71},"end":{"line":44,"column":1}},"line":29},"2":{"name":"(anonymous_2)","decl":{"start":{"line":41,"column":10},"end":{"line":41,"column":11}},"loc":{"start":{"line":41,"column":19},"end":{"line":41,"column":29}},"line":41},"3":{"name":"(anonymous_3)","decl":{"start":{"line":42,"column":10},"end":{"line":42,"column":11}},"loc":{"start":{"line":42,"column":22},"end":{"line":42,"column":64}},"line":42},"4":{"name":"(anonymous_4)","decl":{"start":{"line":43,"column":11},"end":{"line":43,"column":12}},"loc":{"start":{"line":43,"column":18},"end":{"line":43,"column":47}},"line":43},"5":{"name":"(anonymous_5)","decl":{"start":{"line":45,"column":34},"end":{"line":45,"column":35}},"loc":{"start":{"line":45,"column":56},"end":{"line":48,"column":1}},"line":45},"6":{"name":"(anonymous_6)","decl":{"start":{"line":49,"column":32},"end":{"line":49,"column":33}},"loc":{"start":{"line":49,"column":39},"end":{"line":51,"column":1}},"line":49},"7":{"name":"(anonymous_7)","decl":{"start":{"line":52,"column":32},"end":{"line":52,"column":33}},"loc":{"start":{"line":52,"column":44},"end":{"line":55,"column":1}},"line":52},"8":{"name":"(anonymous_8)","decl":{"start":{"line":57,"column":30},"end":{"line":57,"column":31}},"loc":{"start":{"line":57,"column":51},"end":{"line":63,"column":1}},"line":57},"9":{"name":"(anonymous_9)","decl":{"start":{"line":57,"column":51},"end":{"line":57,"column":52}},"loc":{"start":{"line":57,"column":65},"end":{"line":63,"column":1}},"line":57},"10":{"name":"(anonymous_10)","decl":{"start":{"line":60,"column":10},"end":{"line":60,"column":11}},"loc":{"start":{"line":60,"column":19},"end":{"line":60,"column":29}},"line":60},"11":{"name":"(anonymous_11)","decl":{"start":{"line":61,"column":10},"end":{"line":61,"column":11}},"loc":{"start":{"line":61,"column":22},"end":{"line":61,"column":57}},"line":61},"12":{"name":"(anonymous_12)","decl":{"start":{"line":62,"column":11},"end":{"line":62,"column":12}},"loc":{"start":{"line":62,"column":18},"end":{"line":62,"column":46}},"line":62},"13":{"name":"(anonymous_13)","decl":{"start":{"line":64,"column":31},"end":{"line":64,"column":32}},"loc":{"start":{"line":64,"column":38},"end":{"line":66,"column":1}},"line":64},"14":{"name":"(anonymous_14)","decl":{"start":{"line":67,"column":31},"end":{"line":67,"column":32}},"loc":{"start":{"line":67,"column":43},"end":{"line":70,"column":1}},"line":67},"15":{"name":"(anonymous_15)","decl":{"start":{"line":71,"column":33},"end":{"line":71,"column":34}},"loc":{"start":{"line":71,"column":59},"end":{"line":74,"column":1}},"line":71},"16":{"name":"(anonymous_16)","decl":{"start":{"line":76,"column":31},"end":{"line":76,"column":32}},"loc":{"start":{"line":76,"column":52},"end":{"line":83,"column":1}},"line":76},"17":{"name":"(anonymous_17)","decl":{"start":{"line":76,"column":52},"end":{"line":76,"column":53}},"loc":{"start":{"line":76,"column":66},"end":{"line":83,"column":1}},"line":76},"18":{"name":"(anonymous_18)","decl":{"start":{"line":81,"column":10},"end":{"line":81,"column":11}},"loc":{"start":{"line":81,"column":16},"end":{"line":81,"column":53}},"line":81},"19":{"name":"(anonymous_19)","decl":{"start":{"line":82,"column":11},"end":{"line":82,"column":12}},"loc":{"start":{"line":82,"column":18},"end":{"line":82,"column":47}},"line":82},"20":{"name":"(anonymous_20)","decl":{"start":{"line":84,"column":34},"end":{"line":84,"column":35}},"loc":{"start":{"line":84,"column":43},"end":{"line":87,"column":1}},"line":84},"21":{"name":"(anonymous_21)","decl":{"start":{"line":88,"column":32},"end":{"line":88,"column":33}},"loc":{"start":{"line":88,"column":39},"end":{"line":90,"column":1}},"line":88},"22":{"name":"(anonymous_22)","decl":{"start":{"line":91,"column":32},"end":{"line":91,"column":33}},"loc":{"start":{"line":91,"column":44},"end":{"line":94,"column":1}},"line":91},"23":{"name":"(anonymous_23)","decl":{"start":{"line":96,"column":27},"end":{"line":96,"column":28}},"loc":{"start":{"line":96,"column":44},"end":{"line":108,"column":1}},"line":96},"24":{"name":"(anonymous_24)","decl":{"start":{"line":96,"column":44},"end":{"line":96,"column":45}},"loc":{"start":{"line":96,"column":58},"end":{"line":108,"column":1}},"line":96},"25":{"name":"(anonymous_25)","decl":{"start":{"line":105,"column":10},"end":{"line":105,"column":11}},"loc":{"start":{"line":105,"column":19},"end":{"line":105,"column":29}},"line":105},"26":{"name":"(anonymous_26)","decl":{"start":{"line":106,"column":10},"end":{"line":106,"column":11}},"loc":{"start":{"line":106,"column":22},"end":{"line":106,"column":58}},"line":106},"27":{"name":"(anonymous_27)","decl":{"start":{"line":107,"column":11},"end":{"line":107,"column":12}},"loc":{"start":{"line":107,"column":18},"end":{"line":107,"column":47}},"line":107},"28":{"name":"(anonymous_28)","decl":{"start":{"line":109,"column":34},"end":{"line":109,"column":35}},"loc":{"start":{"line":109,"column":60},"end":{"line":112,"column":1}},"line":109},"29":{"name":"(anonymous_29)","decl":{"start":{"line":113,"column":32},"end":{"line":113,"column":33}},"loc":{"start":{"line":113,"column":39},"end":{"line":115,"column":1}},"line":113},"30":{"name":"(anonymous_30)","decl":{"start":{"line":116,"column":32},"end":{"line":116,"column":33}},"loc":{"start":{"line":116,"column":44},"end":{"line":119,"column":1}},"line":116},"31":{"name":"(anonymous_31)","decl":{"start":{"line":121,"column":25},"end":{"line":121,"column":26}},"loc":{"start":{"line":121,"column":42},"end":{"line":133,"column":1}},"line":121},"32":{"name":"(anonymous_32)","decl":{"start":{"line":121,"column":42},"end":{"line":121,"column":43}},"loc":{"start":{"line":121,"column":56},"end":{"line":133,"column":1}},"line":121},"33":{"name":"(anonymous_33)","decl":{"start":{"line":130,"column":10},"end":{"line":130,"column":11}},"loc":{"start":{"line":130,"column":19},"end":{"line":130,"column":29}},"line":130},"34":{"name":"(anonymous_34)","decl":{"start":{"line":131,"column":10},"end":{"line":131,"column":11}},"loc":{"start":{"line":131,"column":22},"end":{"line":131,"column":56}},"line":131},"35":{"name":"(anonymous_35)","decl":{"start":{"line":132,"column":11},"end":{"line":132,"column":12}},"loc":{"start":{"line":132,"column":18},"end":{"line":132,"column":45}},"line":132},"36":{"name":"(anonymous_36)","decl":{"start":{"line":134,"column":32},"end":{"line":134,"column":33}},"loc":{"start":{"line":134,"column":51},"end":{"line":137,"column":1}},"line":134},"37":{"name":"(anonymous_37)","decl":{"start":{"line":138,"column":30},"end":{"line":138,"column":31}},"loc":{"start":{"line":138,"column":37},"end":{"line":140,"column":1}},"line":138},"38":{"name":"(anonymous_38)","decl":{"start":{"line":141,"column":30},"end":{"line":141,"column":31}},"loc":{"start":{"line":141,"column":42},"end":{"line":144,"column":1}},"line":141},"39":{"name":"(anonymous_39)","decl":{"start":{"line":146,"column":29},"end":{"line":146,"column":30}},"loc":{"start":{"line":146,"column":49},"end":{"line":159,"column":1}},"line":146},"40":{"name":"(anonymous_40)","decl":{"start":{"line":146,"column":49},"end":{"line":146,"column":50}},"loc":{"start":{"line":146,"column":73},"end":{"line":159,"column":1}},"line":146},"41":{"name":"(anonymous_41)","decl":{"start":{"line":156,"column":10},"end":{"line":156,"column":11}},"loc":{"start":{"line":156,"column":19},"end":{"line":156,"column":29}},"line":156},"42":{"name":"(anonymous_42)","decl":{"start":{"line":157,"column":10},"end":{"line":157,"column":11}},"loc":{"start":{"line":157,"column":22},"end":{"line":157,"column":74}},"line":157},"43":{"name":"(anonymous_43)","decl":{"start":{"line":158,"column":11},"end":{"line":158,"column":12}},"loc":{"start":{"line":158,"column":18},"end":{"line":158,"column":49}},"line":158},"44":{"name":"(anonymous_44)","decl":{"start":{"line":160,"column":34},"end":{"line":160,"column":35}},"loc":{"start":{"line":160,"column":41},"end":{"line":162,"column":1}},"line":160},"45":{"name":"(anonymous_45)","decl":{"start":{"line":163,"column":36},"end":{"line":163,"column":37}},"loc":{"start":{"line":163,"column":74},"end":{"line":167,"column":1}},"line":163},"46":{"name":"(anonymous_46)","decl":{"start":{"line":168,"column":34},"end":{"line":168,"column":35}},"loc":{"start":{"line":168,"column":46},"end":{"line":171,"column":1}},"line":168},"47":{"name":"(anonymous_47)","decl":{"start":{"line":173,"column":29},"end":{"line":173,"column":30}},"loc":{"start":{"line":173,"column":50},"end":{"line":189,"column":1}},"line":173},"48":{"name":"(anonymous_48)","decl":{"start":{"line":173,"column":50},"end":{"line":173,"column":51}},"loc":{"start":{"line":173,"column":74},"end":{"line":189,"column":1}},"line":173},"49":{"name":"(anonymous_49)","decl":{"start":{"line":186,"column":10},"end":{"line":186,"column":11}},"loc":{"start":{"line":186,"column":19},"end":{"line":186,"column":29}},"line":186},"50":{"name":"(anonymous_50)","decl":{"start":{"line":187,"column":10},"end":{"line":187,"column":11}},"loc":{"start":{"line":187,"column":22},"end":{"line":187,"column":75}},"line":187},"51":{"name":"(anonymous_51)","decl":{"start":{"line":188,"column":11},"end":{"line":188,"column":12}},"loc":{"start":{"line":188,"column":18},"end":{"line":188,"column":49}},"line":188},"52":{"name":"(anonymous_52)","decl":{"start":{"line":190,"column":34},"end":{"line":190,"column":35}},"loc":{"start":{"line":190,"column":41},"end":{"line":192,"column":1}},"line":190},"53":{"name":"(anonymous_53)","decl":{"start":{"line":193,"column":36},"end":{"line":193,"column":37}},"loc":{"start":{"line":193,"column":75},"end":{"line":197,"column":1}},"line":193},"54":{"name":"(anonymous_54)","decl":{"start":{"line":198,"column":34},"end":{"line":198,"column":35}},"loc":{"start":{"line":198,"column":46},"end":{"line":201,"column":1}},"line":198},"55":{"name":"(anonymous_55)","decl":{"start":{"line":203,"column":27},"end":{"line":203,"column":28}},"loc":{"start":{"line":203,"column":47},"end":{"line":217,"column":1}},"line":203},"56":{"name":"(anonymous_56)","decl":{"start":{"line":203,"column":47},"end":{"line":203,"column":48}},"loc":{"start":{"line":203,"column":71},"end":{"line":217,"column":1}},"line":203},"57":{"name":"(anonymous_57)","decl":{"start":{"line":214,"column":10},"end":{"line":214,"column":11}},"loc":{"start":{"line":214,"column":19},"end":{"line":214,"column":29}},"line":214},"58":{"name":"(anonymous_58)","decl":{"start":{"line":215,"column":10},"end":{"line":215,"column":11}},"loc":{"start":{"line":215,"column":22},"end":{"line":215,"column":72}},"line":215},"59":{"name":"(anonymous_59)","decl":{"start":{"line":216,"column":11},"end":{"line":216,"column":12}},"loc":{"start":{"line":216,"column":18},"end":{"line":216,"column":47}},"line":216},"60":{"name":"(anonymous_60)","decl":{"start":{"line":218,"column":32},"end":{"line":218,"column":33}},"loc":{"start":{"line":218,"column":39},"end":{"line":220,"column":1}},"line":218},"61":{"name":"(anonymous_61)","decl":{"start":{"line":221,"column":34},"end":{"line":221,"column":35}},"loc":{"start":{"line":221,"column":72},"end":{"line":225,"column":1}},"line":221},"62":{"name":"(anonymous_62)","decl":{"start":{"line":226,"column":32},"end":{"line":226,"column":33}},"loc":{"start":{"line":226,"column":44},"end":{"line":229,"column":1}},"line":226}},"branchMap":{"0":{"loc":{"start":{"line":30,"column":23},"end":{"line":30,"column":72}},"type":"cond-expr","locations":[{"start":{"line":30,"column":32},"end":{"line":30,"column":65}},{"start":{"line":30,"column":68},"end":{"line":30,"column":72}}],"line":30},"1":{"loc":{"start":{"line":33,"column":4},"end":{"line":35,"column":46}},"type":"cond-expr","locations":[{"start":{"line":34,"column":8},"end":{"line":34,"column":12}},{"start":{"line":35,"column":8},"end":{"line":35,"column":46}}],"line":33},"2":{"loc":{"start":{"line":147,"column":23},"end":{"line":147,"column":77}},"type":"cond-expr","locations":[{"start":{"line":147,"column":52},"end":{"line":147,"column":56}},{"start":{"line":147,"column":59},"end":{"line":147,"column":77}}],"line":147},"3":{"loc":{"start":{"line":147,"column":23},"end":{"line":147,"column":49}},"type":"binary-expr","locations":[{"start":{"line":147,"column":23},"end":{"line":147,"column":29}},{"start":{"line":147,"column":33},"end":{"line":147,"column":49}}],"line":147},"4":{"loc":{"start":{"line":149,"column":23},"end":{"line":151,"column":10}},"type":"cond-expr","locations":[{"start":{"line":150,"column":6},"end":{"line":150,"column":59}},{"start":{"line":151,"column":6},"end":{"line":151,"column":10}}],"line":149},"5":{"loc":{"start":{"line":176,"column":4},"end":{"line":178,"column":46}},"type":"cond-expr","locations":[{"start":{"line":177,"column":8},"end":{"line":177,"column":12}},{"start":{"line":178,"column":8},"end":{"line":178,"column":46}}],"line":176},"6":{"loc":{"start":{"line":179,"column":23},"end":{"line":181,"column":10}},"type":"cond-expr","locations":[{"start":{"line":180,"column":6},"end":{"line":180,"column":59}},{"start":{"line":181,"column":6},"end":{"line":181,"column":10}}],"line":179},"7":{"loc":{"start":{"line":204,"column":23},"end":{"line":204,"column":72}},"type":"cond-expr","locations":[{"start":{"line":204,"column":32},"end":{"line":204,"column":65}},{"start":{"line":204,"column":68},"end":{"line":204,"column":72}}],"line":204},"8":{"loc":{"start":{"line":207,"column":4},"end":{"line":209,"column":46}},"type":"cond-expr","locations":[{"start":{"line":208,"column":8},"end":{"line":208,"column":12}},{"start":{"line":209,"column":8},"end":{"line":209,"column":46}}],"line":207}},"s":{"0":1,"1":0,"2":0,"3":0,"4":0,"5":0,"6":0,"7":0,"8":0,"9":0,"10":1,"11":0,"12":1,"13":0,"14":1,"15":0,"16":1,"17":0,"18":0,"19":0,"20":0,"21":0,"22":0,"23":1,"24":0,"25":1,"26":0,"27":1,"28":0,"29":1,"30":0,"31":0,"32":0,"33":0,"34":0,"35":1,"36":0,"37":1,"38":0,"39":1,"40":0,"41":1,"42":0,"43":0,"44":0,"45":0,"46":0,"47":0,"48":1,"49":0,"50":1,"51":0,"52":1,"53":0,"54":1,"55":0,"56":0,"57":0,"58":0,"59":0,"60":0,"61":1,"62":0,"63":1,"64":0,"65":1,"66":0,"67":1,"68":0,"69":0,"70":0,"71":0,"72":0,"73":0,"74":0,"75":0,"76":0,"77":1,"78":0,"79":1,"80":0,"81":1,"82":0,"83":1,"84":0,"85":0,"86":0,"87":0,"88":0,"89":0,"90":0,"91":0,"92":0,"93":1,"94":0,"95":1,"96":0,"97":1,"98":0,"99":1,"100":0,"101":0,"102":0,"103":0,"104":0,"105":0,"106":0,"107":0,"108":0,"109":1,"110":0,"111":1,"112":0,"113":1,"114":0},"f":{"0":0,"1":0,"2":0,"3":0,"4":0,"5":0,"6":0,"7":0,"8":0,"9":0,"10":0,"11":0,"12":0,"13":0,"14":0,"15":0,"16":0,"17":0,"18":0,"19":0,"20":0,"21":0,"22":0,"23":0,"24":0,"25":0,"26":0,"27":0,"28":0,"29":0,"30":0,"31":0,"32":0,"33":0,"34":0,"35":0,"36":0,"37":0,"38":0,"39":0,"40":0,"41":0,"42":0,"43":0,"44":0,"45":0,"46":0,"47":0,"48":0,"49":0,"50":0,"51":0,"52":0,"53":0,"54":0,"55":0,"56":0,"57":0,"58":0,"59":0,"60":0,"61":0,"62":0},"b":{"0":[0,0],"1":[0,0],"2":[0,0],"3":[0,0],"4":[0,0],"5":[0,0],"6":[0,0],"7":[0,0],"8":[0,0]},"_coverageSchema":"1a1c01bbd47fc00a2c39e90264f33305004495a9","hash":"c5274fc42bacff6470921fbcf9c412ffd3f243c7"}
,"/Users/anastasiyamarshyna/Documents/EPAM/React Course/ReactJS/src/redux/reducers/movie.ts": {"path":"/Users/anastasiyamarshyna/Documents/EPAM/React Course/ReactJS/src/redux/reducers/movie.ts","statementMap":{"0":{"start":{"line":29,"column":21},"end":{"line":37,"column":1}},"1":{"start":{"line":40,"column":2},"end":{"line":185,"column":3}},"2":{"start":{"line":42,"column":6},"end":{"line":45,"column":8}},"3":{"start":{"line":47,"column":6},"end":{"line":51,"column":8}},"4":{"start":{"line":53,"column":6},"end":{"line":57,"column":8}},"5":{"start":{"line":60,"column":6},"end":{"line":64,"column":8}},"6":{"start":{"line":66,"column":6},"end":{"line":69,"column":8}},"7":{"start":{"line":71,"column":6},"end":{"line":75,"column":8}},"8":{"start":{"line":78,"column":6},"end":{"line":81,"column":8}},"9":{"start":{"line":83,"column":6},"end":{"line":86,"column":8}},"10":{"start":{"line":88,"column":6},"end":{"line":92,"column":8}},"11":{"start":{"line":95,"column":6},"end":{"line":98,"column":8}},"12":{"start":{"line":97,"column":48},"end":{"line":97,"column":67}},"13":{"start":{"line":100,"column":6},"end":{"line":103,"column":8}},"14":{"start":{"line":105,"column":6},"end":{"line":109,"column":8}},"15":{"start":{"line":112,"column":6},"end":{"line":117,"column":8}},"16":{"start":{"line":115,"column":10},"end":{"line":115,"column":55}},"17":{"start":{"line":119,"column":6},"end":{"line":122,"column":8}},"18":{"start":{"line":124,"column":6},"end":{"line":128,"column":8}},"19":{"start":{"line":131,"column":6},"end":{"line":135,"column":8}},"20":{"start":{"line":137,"column":6},"end":{"line":140,"column":8}},"21":{"start":{"line":142,"column":6},"end":{"line":146,"column":8}},"22":{"start":{"line":149,"column":6},"end":{"line":153,"column":8}},"23":{"start":{"line":155,"column":6},"end":{"line":158,"column":8}},"24":{"start":{"line":160,"column":6},"end":{"line":164,"column":8}},"25":{"start":{"line":167,"column":6},"end":{"line":171,"column":8}},"26":{"start":{"line":173,"column":6},"end":{"line":176,"column":8}},"27":{"start":{"line":178,"column":6},"end":{"line":182,"column":8}},"28":{"start":{"line":184,"column":6},"end":{"line":184,"column":19}}},"fnMap":{"0":{"name":"moviesReducer","decl":{"start":{"line":39,"column":24},"end":{"line":39,"column":37}},"loc":{"start":{"line":39,"column":68},"end":{"line":186,"column":1}},"line":39},"1":{"name":"(anonymous_1)","decl":{"start":{"line":97,"column":40},"end":{"line":97,"column":41}},"loc":{"start":{"line":97,"column":48},"end":{"line":97,"column":67}},"line":97},"2":{"name":"(anonymous_2)","decl":{"start":{"line":114,"column":33},"end":{"line":114,"column":34}},"loc":{"start":{"line":115,"column":10},"end":{"line":115,"column":55}},"line":115}},"branchMap":{"0":{"loc":{"start":{"line":39,"column":38},"end":{"line":39,"column":58}},"type":"default-arg","locations":[{"start":{"line":39,"column":46},"end":{"line":39,"column":58}}],"line":39},"1":{"loc":{"start":{"line":40,"column":2},"end":{"line":185,"column":3}},"type":"switch","locations":[{"start":{"line":41,"column":4},"end":{"line":45,"column":8}},{"start":{"line":46,"column":4},"end":{"line":51,"column":8}},{"start":{"line":52,"column":4},"end":{"line":57,"column":8}},{"start":{"line":59,"column":4},"end":{"line":64,"column":8}},{"start":{"line":65,"column":4},"end":{"line":69,"column":8}},{"start":{"line":70,"column":4},"end":{"line":75,"column":8}},{"start":{"line":77,"column":4},"end":{"line":81,"column":8}},{"start":{"line":82,"column":4},"end":{"line":86,"column":8}},{"start":{"line":87,"column":4},"end":{"line":92,"column":8}},{"start":{"line":94,"column":4},"end":{"line":98,"column":8}},{"start":{"line":99,"column":4},"end":{"line":103,"column":8}},{"start":{"line":104,"column":4},"end":{"line":109,"column":8}},{"start":{"line":111,"column":4},"end":{"line":117,"column":8}},{"start":{"line":118,"column":4},"end":{"line":122,"column":8}},{"start":{"line":123,"column":4},"end":{"line":128,"column":8}},{"start":{"line":130,"column":4},"end":{"line":135,"column":8}},{"start":{"line":136,"column":4},"end":{"line":140,"column":8}},{"start":{"line":141,"column":4},"end":{"line":146,"column":8}},{"start":{"line":148,"column":4},"end":{"line":153,"column":8}},{"start":{"line":154,"column":4},"end":{"line":158,"column":8}},{"start":{"line":159,"column":4},"end":{"line":164,"column":8}},{"start":{"line":166,"column":4},"end":{"line":171,"column":8}},{"start":{"line":172,"column":4},"end":{"line":176,"column":8}},{"start":{"line":177,"column":4},"end":{"line":182,"column":8}},{"start":{"line":183,"column":4},"end":{"line":184,"column":19}}],"line":40},"2":{"loc":{"start":{"line":115,"column":10},"end":{"line":115,"column":55}},"type":"cond-expr","locations":[{"start":{"line":115,"column":38},"end":{"line":115,"column":50}},{"start":{"line":115,"column":53},"end":{"line":115,"column":55}}],"line":115}},"s":{"0":1,"1":4,"2":1,"3":1,"4":1,"5":0,"6":0,"7":0,"8":0,"9":0,"10":0,"11":0,"12":0,"13":0,"14":0,"15":0,"16":0,"17":0,"18":0,"19":0,"20":0,"21":0,"22":0,"23":0,"24":0,"25":0,"26":0,"27":0,"28":1},"f":{"0":4,"1":0,"2":0},"b":{"0":[4],"1":[1,1,1,0,0,0,0,0,0,0,0,0,0,0,0,0,0,0,0,0,0,0,0,0,1],"2":[0,0]},"_coverageSchema":"1a1c01bbd47fc00a2c39e90264f33305004495a9","hash":"0c36887f195849f83ffe3cf9daa098f058f2efcb"}
}
