TN:
SF:src/components/logo/logo.tsx
FN:8,(anonymous_0)
FNF:1
FNH:1
FNDA:1,(anonymous_0)
DA:8,1
DA:9,1
DA:12,1
LF:3
LH:3
BRF:0
BRH:0
end_of_record
TN:
SF:src/components/modal/modal-add-edit-content.tsx
FN:40,(anonymous_0)
FN:52,(anonymous_1)
FN:125,(anonymous_2)
FNF:3
FNH:0
FNDA:0,(anonymous_0)
FNDA:0,(anonymous_1)
FNDA:0,(anonymous_2)
DA:13,1
DA:24,1
DA:40,1
DA:46,0
DA:48,0
DA:53,0
DA:126,0
LF:7
LH:3
BRDA:50,0,0,0
BRDA:50,0,1,0
BRF:2
BRH:0
end_of_record
TN:
SF:src/components/modal/modal-confirm-btn.tsx
FN:3,(anonymous_0)
FNF:1
FNH:0
FNDA:0,(anonymous_0)
DA:3,1
LF:1
LH:1
BRF:0
BRH:0
end_of_record
TN:
SF:src/components/modal/modal-delete-content.tsx
FN:12,(anonymous_0)
FNF:1
FNH:0
FNDA:0,(anonymous_0)
DA:12,1
DA:13,0
DA:14,0
LF:3
LH:1
BRF:0
BRH:0
end_of_record
TN:
SF:src/components/modal/modal-delete-description.tsx
FNF:0
FNH:0
DA:3,1
LF:1
LH:1
BRF:0
BRH:0
end_of_record
TN:
SF:src/components/modal/modal-genres.tsx
FNF:0
FNH:0
DA:3,1
LF:1
LH:1
BRF:0
BRH:0
end_of_record
TN:
SF:src/components/modal/modal-label.tsx
FN:4,(anonymous_0)
FNF:1
FNH:0
FNDA:0,(anonymous_0)
DA:4,1
DA:5,0
DA:8,1
LF:3
LH:2
BRF:0
BRH:0
end_of_record
TN:
SF:src/components/modal/modal-styles.tsx
FN:3,(anonymous_0)
FNF:1
FNH:0
FNDA:0,(anonymous_0)
DA:3,1
LF:1
LH:1
BRF:0
BRH:0
end_of_record
TN:
SF:src/components/modal/modal-title.tsx
FNF:0
FNH:0
DA:3,1
LF:1
LH:1
BRF:0
BRH:0
end_of_record
TN:
SF:src/components/modal/modal.tsx
FN:33,(anonymous_0)
FN:63,(anonymous_1)
FNF:2
FNH:0
FNDA:0,(anonymous_0)
FNDA:0,(anonymous_1)
DA:17,1
DA:33,1
DA:40,0
DA:42,0
DA:62,1
DA:63,0
LF:6
LH:3
BRDA:63,0,0,0
BRDA:63,0,1,0
BRF:2
BRH:0
end_of_record
TN:
SF:src/components/movies/movies-results-number.tsx
FN:4,(anonymous_0)
FNF:1
FNH:0
FNDA:0,(anonymous_0)
DA:4,1
DA:5,0
DA:8,1
LF:3
LH:2
BRF:0
BRH:0
end_of_record
TN:
SF:src/components/movies/movies-results.tsx
FNF:0
FNH:0
DA:3,1
LF:1
LH:1
BRF:0
BRH:0
end_of_record
TN:
SF:src/components/movies/movies-wrapper.tsx
FNF:0
FNH:0
DA:8,1
LF:1
LH:1
BRF:0
BRH:0
end_of_record
TN:
SF:src/components/movies/movies.tsx
FN:67,(anonymous_0)
FN:78,(anonymous_1)
FN:80,(anonymous_2)
FN:89,(anonymous_3)
FN:90,(anonymous_4)
FN:98,(anonymous_5)
FN:118,(anonymous_6)
FN:125,(anonymous_7)
FN:126,(anonymous_8)
FN:127,(anonymous_9)
FN:128,(anonymous_10)
FNF:11
FNH:0
FNDA:0,(anonymous_0)
FNDA:0,(anonymous_1)
FNDA:0,(anonymous_2)
FNDA:0,(anonymous_3)
FNDA:0,(anonymous_4)
FNDA:0,(anonymous_5)
FNDA:0,(anonymous_6)
FNDA:0,(anonymous_7)
FNDA:0,(anonymous_8)
FNDA:0,(anonymous_9)
FNDA:0,(anonymous_10)
DA:58,1
DA:65,1
DA:67,1
DA:76,0
DA:78,0
DA:80,0
DA:82,0
DA:89,0
DA:90,0
DA:99,0
DA:118,1
DA:125,1
DA:126,0
DA:127,0
DA:128,0
DA:131,1
LF:16
LH:6
BRDA:97,0,0,0
BRDA:97,0,1,0
BRF:2
BRH:0
end_of_record
TN:
SF:src/components/movies/filter/filter-item.tsx
FNF:0
FNH:0
DA:3,1
LF:1
LH:1
BRF:0
BRH:0
end_of_record
TN:
SF:src/components/movies/filter/filter-section.tsx
FNF:0
FNH:0
DA:3,1
LF:1
LH:1
BRF:0
BRH:0
end_of_record
TN:
SF:src/components/movies/filter/filter.styles.tsx
FN:3,(anonymous_0)
FNF:1
FNH:0
FNDA:0,(anonymous_0)
DA:3,1
LF:1
LH:1
BRF:0
BRH:0
end_of_record
TN:
SF:src/components/movies/filter/filter.tsx
FN:19,(anonymous_0)
FN:32,(anonymous_1)
FN:33,(anonymous_2)
FN:43,(anonymous_3)
FN:46,(anonymous_4)
FNF:5
FNH:0
FNDA:0,(anonymous_0)
FNDA:0,(anonymous_1)
FNDA:0,(anonymous_2)
FNDA:0,(anonymous_3)
FNDA:0,(anonymous_4)
DA:19,1
DA:27,0
DA:29,0
DA:33,0
DA:43,0
DA:47,0
DA:58,1
LF:7
LH:2
BRF:0
BRH:0
end_of_record
TN:
SF:src/components/movies/filter/sort-title.tsx
FNF:0
FNH:0
DA:3,1
LF:1
LH:1
BRF:0
BRH:0
end_of_record
TN:
SF:src/components/movies/menu/menu-styles.tsx
FN:3,(anonymous_0)
FNF:1
FNH:0
FNDA:0,(anonymous_0)
DA:3,1
LF:1
LH:1
BRF:0
BRH:0
end_of_record
TN:
SF:src/components/movies/menu/menu.tsx
FN:20,(anonymous_0)
FN:28,(anonymous_1)
FN:32,(anonymous_2)
FN:44,(anonymous_3)
FN:67,(anonymous_4)
FN:71,(anonymous_5)
FNF:6
FNH:0
FNDA:0,(anonymous_0)
FNDA:0,(anonymous_1)
FNDA:0,(anonymous_2)
FNDA:0,(anonymous_3)
FNDA:0,(anonymous_4)
FNDA:0,(anonymous_5)
DA:11,1
DA:20,1
DA:26,0
DA:28,0
DA:29,0
DA:32,0
DA:33,0
DA:36,0
DA:38,0
DA:45,0
DA:46,0
DA:68,0
DA:72,0
DA:73,0
DA:74,0
DA:85,1
LF:16
LH:3
BRF:0
BRH:0
end_of_record
TN:
SF:src/components/movies/movie-card/movie-card.tsx
FN:37,(anonymous_0)
FN:55,(anonymous_1)
FN:60,(anonymous_2)
FN:65,(anonymous_3)
FN:70,(anonymous_4)
FN:94,(anonymous_5)
FN:102,(anonymous_6)
FN:115,(anonymous_7)
FN:119,(anonymous_8)
FN:120,(anonymous_9)
FN:121,(anonymous_10)
FNF:11
FNH:0
FNDA:0,(anonymous_0)
FNDA:0,(anonymous_1)
FNDA:0,(anonymous_2)
FNDA:0,(anonymous_3)
FNDA:0,(anonymous_4)
FNDA:0,(anonymous_5)
FNDA:0,(anonymous_6)
FNDA:0,(anonymous_7)
FNDA:0,(anonymous_8)
FNDA:0,(anonymous_9)
FNDA:0,(anonymous_10)
DA:23,1
DA:37,1
DA:49,0
DA:50,0
DA:51,0
DA:52,0
DA:54,0
DA:55,0
DA:56,0
DA:57,0
DA:60,0
DA:61,0
DA:64,0
DA:65,0
DA:66,0
DA:69,0
DA:70,0
DA:95,0
DA:96,0
DA:103,0
DA:104,0
DA:115,1
DA:119,1
DA:120,0
DA:121,0
DA:124,1
LF:26
LH:5
BRDA:61,0,0,0
BRDA:61,0,1,0
BRDA:90,1,0,0
BRDA:90,1,1,0
BRDA:92,2,0,0
BRDA:92,2,1,0
BRF:6
BRH:0
end_of_record
TN:
SF:src/components/movies/movie-card/movie-description.tsx
FN:4,(anonymous_0)
FNF:1
FNH:0
FNDA:0,(anonymous_0)
DA:4,1
DA:5,0
DA:8,1
LF:3
LH:2
BRDA:5,0,0,0
BRDA:5,0,1,0
BRF:2
BRH:0
end_of_record
TN:
SF:src/components/movies/movie-card/movie-image-section.tsx
FNF:0
FNH:0
DA:5,1
LF:1
LH:1
BRF:0
BRH:0
end_of_record
TN:
SF:src/components/movies/movie-card/movie-image.tsx
FNF:0
FNH:0
DA:3,1
LF:1
LH:1
BRF:0
BRH:0
end_of_record
TN:
SF:src/components/movies/movie-card/movie-section.tsx
FNF:0
FNH:0
DA:3,1
LF:1
LH:1
BRF:0
BRH:0
end_of_record
TN:
SF:src/components/movies/movie-card/movie-title.tsx
FN:4,(anonymous_0)
FNF:1
FNH:0
FNDA:0,(anonymous_0)
DA:4,1
DA:5,0
DA:7,1
LF:3
LH:2
BRF:0
BRH:0
end_of_record
TN:
SF:src/components/movies/no-movie-found/no-movie-found.tsx
FN:8,(anonymous_0)
FNF:1
FNH:0
FNDA:0,(anonymous_0)
DA:8,1
DA:9,0
DA:12,1
LF:3
LH:2
BRF:0
BRH:0
end_of_record
TN:
SF:src/redux/actions/actionTypes.ts
FNF:0
FNH:0
DA:1,1
DA:2,1
DA:3,1
DA:5,1
DA:6,1
DA:7,1
DA:9,1
DA:10,1
DA:11,1
DA:13,1
DA:14,1
DA:15,1
DA:17,1
DA:18,1
DA:19,1
DA:21,1
DA:22,1
DA:23,1
DA:25,1
DA:26,1
DA:27,1
DA:29,1
DA:30,1
DA:31,1
LF:24
LH:24
BRF:0
BRH:0
end_of_record
TN:
SF:src/redux/actions/movie.ts
FN:29,(anonymous_0)
FN:29,(anonymous_1)
FN:41,(anonymous_2)
FN:42,(anonymous_3)
FN:43,(anonymous_4)
FN:45,(anonymous_5)
FN:49,(anonymous_6)
FN:52,(anonymous_7)
FN:57,(anonymous_8)
FN:57,(anonymous_9)
FN:60,(anonymous_10)
FN:61,(anonymous_11)
FN:62,(anonymous_12)
FN:64,(anonymous_13)
FN:67,(anonymous_14)
FN:71,(anonymous_15)
FN:76,(anonymous_16)
FN:76,(anonymous_17)
FN:81,(anonymous_18)
FN:82,(anonymous_19)
FN:84,(anonymous_20)
FN:88,(anonymous_21)
FN:91,(anonymous_22)
FN:96,(anonymous_23)
FN:96,(anonymous_24)
FN:105,(anonymous_25)
FN:106,(anonymous_26)
FN:107,(anonymous_27)
FN:109,(anonymous_28)
FN:113,(anonymous_29)
FN:116,(anonymous_30)
FN:121,(anonymous_31)
FN:121,(anonymous_32)
FN:130,(anonymous_33)
FN:131,(anonymous_34)
FN:132,(anonymous_35)
FN:134,(anonymous_36)
FN:138,(anonymous_37)
FN:141,(anonymous_38)
FN:146,(anonymous_39)
FN:146,(anonymous_40)
FN:156,(anonymous_41)
FN:157,(anonymous_42)
FN:158,(anonymous_43)
FN:160,(anonymous_44)
FN:163,(anonymous_45)
FN:168,(anonymous_46)
FN:173,(anonymous_47)
FN:173,(anonymous_48)
FN:186,(anonymous_49)
FN:187,(anonymous_50)
FN:188,(anonymous_51)
FN:190,(anonymous_52)
FN:193,(anonymous_53)
FN:198,(anonymous_54)
FN:203,(anonymous_55)
FN:203,(anonymous_56)
FN:214,(anonymous_57)
FN:215,(anonymous_58)
FN:216,(anonymous_59)
FN:218,(anonymous_60)
FN:221,(anonymous_61)
FN:226,(anonymous_62)
FNF:63
FNH:0
FNDA:0,(anonymous_0)
FNDA:0,(anonymous_1)
FNDA:0,(anonymous_2)
FNDA:0,(anonymous_3)
FNDA:0,(anonymous_4)
FNDA:0,(anonymous_5)
FNDA:0,(anonymous_6)
FNDA:0,(anonymous_7)
FNDA:0,(anonymous_8)
FNDA:0,(anonymous_9)
FNDA:0,(anonymous_10)
FNDA:0,(anonymous_11)
FNDA:0,(anonymous_12)
FNDA:0,(anonymous_13)
FNDA:0,(anonymous_14)
FNDA:0,(anonymous_15)
FNDA:0,(anonymous_16)
FNDA:0,(anonymous_17)
FNDA:0,(anonymous_18)
FNDA:0,(anonymous_19)
FNDA:0,(anonymous_20)
FNDA:0,(anonymous_21)
FNDA:0,(anonymous_22)
FNDA:0,(anonymous_23)
FNDA:0,(anonymous_24)
FNDA:0,(anonymous_25)
FNDA:0,(anonymous_26)
FNDA:0,(anonymous_27)
FNDA:0,(anonymous_28)
FNDA:0,(anonymous_29)
FNDA:0,(anonymous_30)
FNDA:0,(anonymous_31)
FNDA:0,(anonymous_32)
FNDA:0,(anonymous_33)
FNDA:0,(anonymous_34)
FNDA:0,(anonymous_35)
FNDA:0,(anonymous_36)
FNDA:0,(anonymous_37)
FNDA:0,(anonymous_38)
FNDA:0,(anonymous_39)
FNDA:0,(anonymous_40)
FNDA:0,(anonymous_41)
FNDA:0,(anonymous_42)
FNDA:0,(anonymous_43)
FNDA:0,(anonymous_44)
FNDA:0,(anonymous_45)
FNDA:0,(anonymous_46)
FNDA:0,(anonymous_47)
FNDA:0,(anonymous_48)
FNDA:0,(anonymous_49)
FNDA:0,(anonymous_50)
FNDA:0,(anonymous_51)
FNDA:0,(anonymous_52)
FNDA:0,(anonymous_53)
FNDA:0,(anonymous_54)
FNDA:0,(anonymous_55)
FNDA:0,(anonymous_56)
FNDA:0,(anonymous_57)
FNDA:0,(anonymous_58)
FNDA:0,(anonymous_59)
FNDA:0,(anonymous_60)
FNDA:0,(anonymous_61)
FNDA:0,(anonymous_62)
DA:29,1
DA:30,0
DA:31,0
DA:33,0
DA:36,0
DA:38,0
DA:41,0
DA:42,0
DA:43,0
DA:45,1
DA:49,1
DA:52,1
DA:57,1
DA:58,0
DA:59,0
DA:60,0
DA:61,0
DA:62,0
DA:64,1
DA:67,1
DA:71,1
DA:76,1
DA:77,0
DA:78,0
DA:81,0
DA:82,0
DA:84,1
DA:88,1
DA:91,1
DA:96,1
DA:97,0
DA:98,0
DA:105,0
DA:106,0
DA:107,0
DA:109,1
DA:113,1
DA:116,1
DA:121,1
DA:122,0
DA:123,0
DA:130,0
DA:131,0
DA:132,0
DA:134,1
DA:138,1
DA:141,1
DA:146,1
DA:147,0
DA:148,0
DA:149,0
DA:152,0
DA:153,0
DA:156,0
DA:157,0
DA:158,0
DA:160,1
DA:163,1
DA:168,1
DA:173,1
DA:174,0
DA:176,0
DA:179,0
DA:182,0
DA:183,0
DA:186,0
DA:187,0
DA:188,0
DA:190,1
DA:193,1
DA:198,1
DA:203,1
DA:204,0
DA:205,0
DA:207,0
DA:210,0
DA:211,0
DA:214,0
DA:215,0
DA:216,0
DA:218,1
DA:221,1
DA:226,1
LF:83
LH:32
BRDA:30,0,0,0
BRDA:30,0,1,0
BRDA:33,1,0,0
BRDA:33,1,1,0
BRDA:147,2,0,0
BRDA:147,2,1,0
BRDA:147,3,0,0
BRDA:147,3,1,0
BRDA:149,4,0,0
BRDA:149,4,1,0
BRDA:176,5,0,0
BRDA:176,5,1,0
BRDA:179,6,0,0
BRDA:179,6,1,0
BRDA:204,7,0,0
BRDA:204,7,1,0
BRDA:207,8,0,0
BRDA:207,8,1,0
BRF:18
BRH:0
end_of_record
TN:
SF:src/redux/reducers/movie.ts
FN:39,moviesReducer
FN:97,(anonymous_1)
FN:114,(anonymous_2)
FNF:3
FNH:1
FNDA:4,moviesReducer
FNDA:0,(anonymous_1)
FNDA:0,(anonymous_2)
DA:29,1
DA:40,4
DA:42,1
DA:47,1
DA:53,1
DA:60,0
DA:66,0
DA:71,0
DA:78,0
DA:83,0
DA:88,0
DA:95,0
DA:97,0
DA:100,0
DA:105,0
DA:112,0
DA:115,0
DA:119,0
DA:124,0
DA:131,0
DA:137,0
DA:142,0
DA:149,0
DA:155,0
DA:160,0
DA:167,0
DA:173,0
DA:178,0
DA:184,1
LF:29
LH:6
BRDA:39,0,0,4
BRDA:40,1,0,1
BRDA:40,1,1,1
BRDA:40,1,2,1
BRDA:40,1,3,0
BRDA:40,1,4,0
BRDA:40,1,5,0
BRDA:40,1,6,0
BRDA:40,1,7,0
BRDA:40,1,8,0
BRDA:40,1,9,0
BRDA:40,1,10,0
BRDA:40,1,11,0
BRDA:40,1,12,0
BRDA:40,1,13,0
BRDA:40,1,14,0
BRDA:40,1,15,0
BRDA:40,1,16,0
BRDA:40,1,17,0
BRDA:40,1,18,0
BRDA:40,1,19,0
BRDA:40,1,20,0
BRDA:40,1,21,0
BRDA:40,1,22,0
BRDA:40,1,23,0
BRDA:40,1,24,1
BRDA:115,2,0,0
BRDA:115,2,1,0
BRF:28
BRH:5
end_of_record
